#
# There is insufficient memory for the Java Runtime Environment to continue.
# Native memory allocation (malloc) failed to allocate 1048576 bytes for AllocateHeap
# Possible reasons:
#   The system is out of physical RAM or swap space
#   The process is running with CompressedOops enabled, and the Java Heap may be blocking the growth of the native heap
# Possible solutions:
#   Reduce memory load on the system
#   Increase physical memory or swap space
#   Check if swap backing store is full
#   Decrease Java heap size (-Xmx/-Xms)
#   Decrease number of Java threads
#   Decrease Java thread stack sizes (-Xss)
#   Set larger code cache with -XX:ReservedCodeCacheSize=
#   JVM is running with Unscaled Compressed Oops mode in which the Java heap is
#     placed in the first 4GB address space. The Java Heap base address is the
#     maximum limit for the native heap growth. Please use -XX:HeapBaseMinAddress
#     to set the Java Heap base and to place the Java Heap above 4GB virtual address.
# This output file may be truncated or incomplete.
#
#  Out of Memory Error (./open/src/hotspot/share/memory/allocation.cpp:44), pid=23168, tid=26104
#
# JRE version:  (14.0.2+12) (build )
# Java VM: Java HotSpot(TM) 64-Bit Server VM (14.0.2+12-46, mixed mode, sharing, tiered, compressed oops, g1 gc, windows-amd64)
# No core dump will be written. Minidumps are not enabled by default on client versions of Windows
#

---------------  S U M M A R Y ------------

Command Line: -Dfile.encoding=MS949 --module-path=C:\oraclexe\app\oracle\product\11.2.0\server\jdbc\lib\ojdbc6.jar -XX:+ShowCodeDetailsInExceptionMessages home.HomeRootFrame

Host: AMD Ryzen 5 2500U with Radeon Vega Mobile Gfx  , 8 cores, 6G,  Windows 10 , 64 bit Build 19041 (10.0.19041.928)
Time: Wed Jun  2 19:47:06 2021 대한민국 표준시 elapsed time: 0 seconds (0d 0h 0m 0s)

---------------  T H R E A D  ---------------

Current thread (0x0000028b1956a000):  JavaThread "Unknown thread" [_thread_in_vm, id=26104, stack(0x000000acc1b00000,0x000000acc1c00000)]

Stack: [0x000000acc1b00000,0x000000acc1c00000]
Native frames: (J=compiled Java code, j=interpreted, Vv=VM code, C=native code)
V  [jvm.dll+0x5f8a9a]
V  [jvm.dll+0x74247a]
V  [jvm.dll+0x743c2f]
V  [jvm.dll+0x744273]
V  [jvm.dll+0x20d288]
V  [jvm.dll+0xa2b2f]
V  [jvm.dll+0x2a97f3]
V  [jvm.dll+0x2a1a3c]
V  [jvm.dll+0x71fd48]
V  [jvm.dll+0x321c14]
V  [jvm.dll+0x70112c]
V  [jvm.dll+0x392def]
V  [jvm.dll+0x394e61]
C  [jli.dll+0x524b]
C  [ucrtbase.dll+0x21bb2]
C  [KERNEL32.DLL+0x17034]
C  [ntdll.dll+0x52651]


---------------  P R O C E S S  ---------------

Threads class SMR info:
_java_thread_list=0x00007ffa6e2d3038, length=0, elements={
}

Java Threads: ( => current thread )

Other Threads:
  0x0000028b195aa800 GCTaskThread "GC Thread#0" [stack: 0x000000acc1c00000,0x000000acc1d00000] [id=25304]

[error occurred during error reporting (printing all threads), id 0xc0000005, EXCEPTION_ACCESS_VIOLATION (0xc0000005) at pc=0x00007ffa6dafe220]

VM state:not at safepoint (not fully initialized)

VM Mutex/Monitor currently owned by a thread:  ([mutex/lock_event])
[0x0000028b19565fa0] Heap_lock - owner thread: 0x0000028b1956a000

Heap address: 0x0000000090c00000, size: 1780 MB, Compressed Oops mode: 32-bit
Narrow klass base: 0x0000000000000000, Narrow klass shift: 0

GC Heap History (0 events):
No events

Deoptimization events (0 events):
No events

Classes unloaded (0 events):
No events

Classes redefined (0 events):
No events

Internal exceptions (0 events):
No events

Events (2 events):
Event: 0.017 Loaded shared library C:\Program Files\Java\jdk-14.0.2\bin\java.dll
Event: 0.018 Loaded shared library C:\Program Files\Java\jdk-14.0.2\bin\zip.dll


Dynamic libraries:
0x00007ff7a2be0000 - 0x00007ff7a2bef000 	C:\Program Files\Java\jdk-14.0.2\bin\javaw.exe
0x00007ffa8a8f0000 - 0x00007ffa8aae5000 	C:\WINDOWS\SYSTEM32\ntdll.dll
0x00007ffa8a390000 - 0x00007ffa8a44d000 	C:\WINDOWS\System32\KERNEL32.DLL
0x00007ffa88380000 - 0x00007ffa88648000 	C:\WINDOWS\System32\KERNELBASE.dll
0x00007ffa88030000 - 0x00007ffa88130000 	C:\WINDOWS\System32\ucrtbase.dll
0x00007ffa77ae0000 - 0x00007ffa77af5000 	C:\Program Files\Java\jdk-14.0.2\bin\VCRUNTIME140.dll
0x00007ffa7f940000 - 0x00007ffa7f958000 	C:\Program Files\Java\jdk-14.0.2\bin\jli.dll
0x00007ffa8a4b0000 - 0x00007ffa8a55c000 	C:\WINDOWS\System32\ADVAPI32.dll
0x00007ffa89fc0000 - 0x00007ffa8a05e000 	C:\WINDOWS\System32\msvcrt.dll
0x00007ffa89d70000 - 0x00007ffa89e0b000 	C:\WINDOWS\System32\sechost.dll
0x00007ffa8a710000 - 0x00007ffa8a83b000 	C:\WINDOWS\System32\RPCRT4.dll
0x00007ffa89140000 - 0x00007ffa892e0000 	C:\WINDOWS\System32\USER32.dll
0x00007ffa88130000 - 0x00007ffa88152000 	C:\WINDOWS\System32\win32u.dll
0x00007ffa8a5c0000 - 0x00007ffa8a5ea000 	C:\WINDOWS\System32\GDI32.dll
0x00007ffa886b0000 - 0x00007ffa887bb000 	C:\WINDOWS\System32\gdi32full.dll
0x00007ffa882e0000 - 0x00007ffa8837d000 	C:\WINDOWS\System32\msvcp_win.dll
0x00007ffa77b00000 - 0x00007ffa77d9a000 	C:\WINDOWS\WinSxS\amd64_microsoft.windows.common-controls_6595b64144ccf1df_6.0.19041.844_none_ca00b6081b84eb1d\COMCTL32.dll
0x00007ffa7dc10000 - 0x00007ffa7dc1a000 	C:\WINDOWS\SYSTEM32\VERSION.dll
0x00007ffa8a1c0000 - 0x00007ffa8a1f0000 	C:\WINDOWS\System32\IMM32.DLL
0x00007ffa61c40000 - 0x00007ffa61cdb000 	C:\Program Files\Java\jdk-14.0.2\bin\msvcp140.dll
0x00007ffa6d850000 - 0x00007ffa6e36e000 	C:\Program Files\Java\jdk-14.0.2\bin\server\jvm.dll
0x00007ffa8a8a0000 - 0x00007ffa8a8a8000 	C:\WINDOWS\System32\PSAPI.DLL
0x00007ffa72a90000 - 0x00007ffa72a99000 	C:\WINDOWS\SYSTEM32\WSOCK32.dll
0x00007ffa7dbe0000 - 0x00007ffa7dc07000 	C:\WINDOWS\SYSTEM32\WINMM.dll
0x00007ffa89e10000 - 0x00007ffa89e7b000 	C:\WINDOWS\System32\WS2_32.dll
0x00007ffa86900000 - 0x00007ffa86912000 	C:\WINDOWS\SYSTEM32\kernel.appcore.dll
0x00007ffa717b0000 - 0x00007ffa717ba000 	C:\Program Files\Java\jdk-14.0.2\bin\jimage.dll
0x00007ffa866d0000 - 0x00007ffa868b4000 	C:\WINDOWS\SYSTEM32\DBGHELP.DLL
0x00007ffa72c10000 - 0x00007ffa72c3c000 	C:\WINDOWS\SYSTEM32\dbgcore.DLL
0x00007ffa881b0000 - 0x00007ffa88230000 	C:\WINDOWS\System32\bcryptPrimitives.dll
0x00007ffa73820000 - 0x00007ffa73845000 	C:\Program Files\Java\jdk-14.0.2\bin\java.dll
0x00007ffa73800000 - 0x00007ffa73816000 	C:\Program Files\Java\jdk-14.0.2\bin\zip.dll

dbghelp: loaded successfully - version: 4.0.5 - missing functions: none
symbol engine: initialized successfully - sym options: 0x614 - pdb path: .;C:\Program Files\Java\jdk-14.0.2\bin;C:\WINDOWS\SYSTEM32;C:\WINDOWS\WinSxS\amd64_microsoft.windows.common-controls_6595b64144ccf1df_6.0.19041.844_none_ca00b6081b84eb1d;C:\Program Files\Java\jdk-14.0.2\bin\server

VM Arguments:
jvm_args: -Dfile.encoding=MS949 --module-path=C:\oraclexe\app\oracle\product\11.2.0\server\jdbc\lib\ojdbc6.jar -XX:+ShowCodeDetailsInExceptionMessages 
java_command: home.HomeRootFrame
java_class_path (initial): C:\Users\tmdwn\eclipse-workspace\GreenPc_Project1_movieReservation\target\classes;C:\dev\apache-maven-3.8.1-bin\apache-maven-3.8.1\repository\com\googlecode\json-simple\json-simple\1.1.1\json-simple-1.1.1.jar;C:\dev\apache-maven-3.8.1-bin\apache-maven-3.8.1\repository\junit\junit\4.10\junit-4.10.jar;C:\dev\apache-maven-3.8.1-bin\apache-maven-3.8.1\repository\org\hamcrest\hamcrest-core\1.1\hamcrest-core-1.1.jar;C:\dev\apache-maven-3.8.1-bin\apache-maven-3.8.1\repository\org\json\json\20200518\json-20200518.jar
Launcher Type: SUN_STANDARD

[Global flags]
     intx CICompilerCount                          = 4                                         {product} {ergonomic}
     uint ConcGCThreads                            = 2                                         {product} {ergonomic}
     uint G1ConcRefinementThreads                  = 8                                         {product} {ergonomic}
   size_t G1HeapRegionSize                         = 1048576                                   {product} {ergonomic}
    uintx GCDrainStackTargetSize                   = 64                                        {product} {ergonomic}
   size_t InitialHeapSize                          = 117440512                                 {product} {ergonomic}
   size_t MarkStackSize                            = 4194304                                   {product} {ergonomic}
   size_t MaxHeapSize                              = 1866465280                                {product} {ergonomic}
   size_t MinHeapDeltaBytes                        = 1048576                                   {product} {ergonomic}
   size_t MinHeapSize                              = 8388608                                   {product} {ergonomic}
    uintx NonNMethodCodeHeapSize                   = 5839372                                {pd product} {ergonomic}
    uintx NonProfiledCodeHeapSize                  = 122909434                              {pd product} {ergonomic}
    uintx ProfiledCodeHeapSize                     = 122909434                              {pd product} {ergonomic}
    uintx ReservedCodeCacheSize                    = 251658240                              {pd product} {ergonomic}
     bool SegmentedCodeCache                       = true                                      {product} {ergonomic}
     bool ShowCodeDetailsInExceptionMessages       = true                                   {manageable} {command line}
   size_t SoftMaxHeapSize                          = 1866465280                             {manageable} {ergonomic}
     bool UseCompressedClassPointers               = true                                 {lp64_product} {ergonomic}
     bool UseCompressedOops                        = true                                 {lp64_product} {ergonomic}
     bool UseG1GC                                  = true                                      {product} {ergonomic}
     bool UseLargePagesIndividualAllocation        = false                                  {pd product} {ergonomic}

Logging:
Log output configuration:
 #0: stdout all=warning uptime,level,tags
 #1: stderr all=off uptime,level,tags

Environment Variables:
JAVA_HOME=C:\Program Files\Java\jdk-14.0.2
PATH=C:/Program Files/Java/jdk-14.0.2/bin/server;C:/Program Files/Java/jdk-14.0.2/bin;C:\oraclexe\app\oracle\product\11.2.0\server\bin;C:\WINDOWS\system32;C:\WINDOWS;C:\WINDOWS\System32\Wbem;C:\WINDOWS\System32\WindowsPowerShell\v1.0\;C:\WINDOWS\System32\OpenSSH\;C:\Program Files\Intel\WiFi\bin\;C:\Program Files\Common Files\Intel\WirelessCommon\;C:\Program Files\Java\jdk-14.0.2\bin;C:\Program Files\Git\cmd;C:\Program Files\nodejs\;C:\ProgramData\chocolatey\bin;C:\Program Files\Apache Software Foundation\Tomcat 9.0\bin;C:\Program Files\MySQL\MySQL Server 8.0\bin;C:\MinGW\bin;%MAVEN%\bin;C:\dev\apache-maven-3.8.1-bin\apache-maven-3.8.1\bin;C:\Program Files\MySQL\MySQL Shell 8.0\bin\;"C:\Users\tmdwn\AppData\Local\Microsoft\WindowsApps;C:\Program Files\Java\jdk1.6.0_11\bin;";C:\Users\tmdwn\AppData\Local\Microsoft\WindowsApps;C:\Users\tmdwn\AppData\Local\GitHubDesktop\bin;C:\Users\tmdwn\AppData\Roaming\npm;C:\Users\tmdwn\AppData\Local\Programs\Microsoft VS Code\bin;C:\MinGW\bin;;C:\Program Files (x86)\ESTsoft\ALSee\x64;C:\WINDOWS\system32;
USERNAME=msj0533
OS=Windows_NT
PROCESSOR_IDENTIFIER=AMD64 Family 23 Model 17 Stepping 0, AuthenticAMD



---------------  S Y S T E M  ---------------

OS: Windows 10 , 64 bit Build 19041 (10.0.19041.928)
OS uptime: 0 days 11:08 hours

CPU:total 8 (initial active 8) (8 cores per cpu, 2 threads per core) family 23 model 17 stepping 0, cmov, cx8, fxsr, mmx, sse, sse2, sse3, ssse3, sse4.1, sse4.2, popcnt, avx, avx2, aes, clmul, mmxext, 3dnowpref, lzcnt, sse4a, ht, tsc, tscinvbit, tscinv, bmi1, bmi2, adx, sha, fma

Memory: 4k page, system-wide physical 7113M (893M free)
TotalPageFile size 22295M (AvailPageFile size 5M)
current process WorkingSet (physical memory assigned to process): 10M, peak: 10M
current process commit charge ("private bytes"): 57M, peak: 58M

vm_info: Java HotSpot(TM) 64-Bit Server VM (14.0.2+12-46) for windows-amd64 JRE (14.0.2+12-46), built on Jul  9 2020 00:35:52 by "mach5one" with MS VC++ 15.9 (VS2017)

END.
